{"C:\\Users\\SHOPINVERSE\\Documents\\cit262-OscarCode442-test\\NodeJSExample\\tests\\helloworld.js": {"path":"C:\\Users\\SHOPINVERSE\\Documents\\cit262-OscarCode442-test\\NodeJSExample\\tests\\helloworld.js","statementMap":{"0":{"start":{"line":3,"column":4},"end":{"line":3,"column":27}},"1":{"start":{"line":6,"column":0},"end":{"line":6,"column":28}}},"fnMap":{"0":{"name":"helloWorld","decl":{"start":{"line":2,"column":9},"end":{"line":2,"column":19}},"loc":{"start":{"line":2,"column":22},"end":{"line":4,"column":1}},"line":2}},"branchMap":{},"s":{"0":1,"1":1},"f":{"0":1},"b":{},"_coverageSchema":"1a1c01bbd47fc00a2c39e90264f33305004495a9","hash":"de6a5b8c640f118fb96b46bc65c7cec966bad6f5"}
}
